/project/MyPhishing-BacKend/venv/lib/python3.12/site-packages/celery/platforms.py:841: SecurityWarning: You're running the worker with superuser privileges: this is
absolutely not recommended!

Please specify a different user using the --uid option.

User information: uid=0 euid=0 gid=0 egid=0

  warnings.warn(SecurityWarning(ROOT_DISCOURAGED.format(
 
 -------------- celery@Hy v5.6.1 (recovery)
--- ***** ----- 
-- ******* ---- Linux-5.10.134-18.al8.x86_64-x86_64-with-glibc2.32 2025-12-30 13:40:48
- *** --- * --- 
- ** ---------- [config]
- ** ---------- .> app:         mail_tasks:0x7f58209ba210
- ** ---------- .> transport:   redis://localhost:6379/0
- ** ---------- .> results:     redis://localhost:6379/0
- *** --- * --- .> concurrency: 2 (prefork)
-- ******* ---- .> task events: OFF (enable -E to monitor tasks in this worker)
--- ***** ----- 
 -------------- [queues]
                .> celery           exchange=celery(direct) key=celery
                

[tasks]
  . tasks.process_email_task

[2025-12-30 13:40:48,742: INFO/MainProcess] Connected to redis://localhost:6379/0
[2025-12-30 13:40:48,746: INFO/MainProcess] mingle: searching for neighbors
[2025-12-30 13:40:49,756: INFO/MainProcess] mingle: all alone
[2025-12-30 13:40:49,772: INFO/MainProcess] celery@Hy ready.
[2025-12-30 13:41:53,202: INFO/MainProcess] Task tasks.process_email_task[81a066ea-6c4e-4d4e-8d3b-b5c8a75cb791] received
2025-12-30 13:41:53,204 [INFO] 🚀 Celery任务开始: 2acced62-db7a-4a12-9ee3-8014cb3bf7ab, IP: 220.197.31.4
2025-12-30 13:41:53,205 [INFO] ========== 开始检测邮件: 2acced62-db7a-4a12-9ee3-8014cb3bf7ab ==========
2025-12-30 13:41:53,205 [INFO] 📧 阶段1: 解析邮件内容
2025-12-30 13:41:53,207 [INFO] 📝 更新邮件解析内容: 2acced62-db7a-4a12-9ee3-8014cb3bf7ab
2025-12-30 13:41:53,236 [INFO] 更新邮件内容请求: {"email_id": "2acced62-db7a-4a12-9ee3-8014cb3bf7ab", "sender": "l1247517428@163.com", "subject": "Fw:【ECS在非常用地登录】服务器异常登录提醒", "content_text": "\n\n\n\n\n\n\n\n\n\n\n\n-------- 转发邮件信息 --------\n发件人：\"阿里云\" <system@notice.aliyun.com>\n发送日期：2025-12-29 17:23:58\n收件人：l1247517428@163.com\n主题：【ECS在非常用地登录】服务器异常登录提醒\n\n此邮件由阿里云发送，由系统自动发出，请勿直接回复，谢谢！\n产品解决方案文档与社区免费试用定价云市场了解阿里云\n|   |\n| 尊敬的 l1247517428-174595*35741： |\n| |\n您的服务器218.244.149.***（iZbp11mw62lu...）存在异常登录行为：ECS在非常用地登录 ，详情可登录云盾-云安全中心控制台-安全告警进行查看和处理，如果确认是您自己在登录，可忽略该邮件。 | |   |   |\n|   |\n|   |\n本邮件为系统邮件，请勿回复。\n关注阿里云\n关注阿里云公众号或下载阿里云APP，关注云资讯，随时随地运维管控云服务\n联系我们：4008013260\n\nCopyright © 阿里云 2009-2025 All Rights Reserved\n如果您不想再接收阿里云的「云盾安全信息通知」邮件，或者需要设置其他人接收，点此设置订阅。", "send_time": "2025-12-30 13:41:51", "from_domain": "163.com", "url_list": "[]", "attachment_list": "[]"}
2025-12-30 13:41:53,236 [INFO] ✅ 邮件内容更新成功: 2acced62-db7a-4a12-9ee3-8014cb3bf7ab
2025-12-30 13:41:53,236 [INFO] 发件人: =?UTF-8?B?5rWp5a6HIA==?= <l1247517428@163.com>, 域名: 163.com, 客户端IP: 220.197.31.4
2025-12-30 13:41:53,236 [INFO] 🔍 阶段2: VirusTotal威胁情报查询
2025-12-30 13:41:54,453 [INFO] 域名风险评分: 1.05, 结果: 0
2025-12-30 13:41:54,454 [INFO] IP风险评分: 3.50, 结果: 0
2025-12-30 13:41:54,454 [INFO] VT检测结果: URL=0, IP=0, 文件=0
2025-12-30 13:41:54,475 [INFO] 🧪 阶段3: 沙箱检测
2025-12-30 13:41:54,853 [INFO] 沙箱检测请求响应: 状态码=200, 内容={"final_sandbox_result":null,"results":{"domain_reports":{"163.com":{"response_code":-1,"verbose_msg":"\u6ca1\u6709\u8bbf\u95ee\u63a5\u53e3\u6743\u9650"}},"file_reports":{},"ip_reports":{"220.197.31.4":{"response_code":-4,"verbose_msg":"\u8d85\u51fa\u6bcf\u6708\u8bbf\u95ee\u9650\u5236"}}},"status":"success"}

2025-12-30 13:41:54,853 [WARNING] ⚠️ 沙箱检测结果为None，已重置为0: 2acced62-db7a-4a12-9ee3-8014cb3bf7ab
2025-12-30 13:41:54,854 [INFO] 沙箱检测结果: 0
2025-12-30 13:41:54,854 [INFO] 🤖 阶段4: AI智能分析
2025-12-30 13:42:10,414 [INFO] AI分析结果=1, 置信度=0.75
2025-12-30 13:42:10,414 [INFO] 💾 阶段5: 更新检测结果
2025-12-30 13:42:10,437 [INFO] 更新检测结果响应: 状态码=200, 内容={"affected_rows":1,"message":"\u66f4\u65b0\u6210\u529f","success":true}

2025-12-30 13:42:10,438 [INFO] ✅ 检测结果更新成功: 2acced62-db7a-4a12-9ee3-8014cb3bf7ab
2025-12-30 13:42:10,438 [INFO] 🔢 阶段6: 向量化存储
2025-12-30 13:42:10,779 [INFO] 📮 阶段7: 邮件转发决策
2025-12-30 13:42:10,779 [INFO] 📁 配置文件路径: /project/MyPhishing-BacKend/config/config.json
2025-12-30 13:42:10,782 [INFO] ✅ 配置文件读取成功: {'EMAIL_INTERCEPT_ENABLED_1': False, 'EMAIL_ALERT_ENABLED_1': True, 'EMAIL_INTERCEPT_ENABLED_2': True, 'EMAIL_ALERT_ENABLED_2': True, 'NOTIFICATION_EMAIL': 'haoyu@hyinfo.cc'}
2025-12-30 13:42:10,782 [INFO] 📋 拦截配置检查: 风险等级=1, 拦截开关=EMAIL_INTERCEPT_ENABLED_1=False, 告警开关=EMAIL_ALERT_ENABLED_1=True
2025-12-30 13:42:10,782 [INFO] 邮件主题已修改: [⚠️可疑] Fw:【ECS在非常用地登录】服务器异常登录提醒
2025-12-30 13:42:10,782 [INFO] 解析到有效收件人数量: 1
2025-12-30 13:42:10,783 [INFO] 📤 准备转发邮件: 2acced62-db7a-4a12-9ee3-8014cb3bf7ab
2025-12-30 13:42:10,783 [INFO]    发件人: l1247517428@163.com
2025-12-30 13:42:10,783 [INFO]    收件人数量: 1
2025-12-30 13:42:10,783 [INFO]    收件人列表: ['user1@hyinfo.cc']
2025-12-30 13:42:11,095 [INFO] ✅ 邮件转发成功: 2acced62-db7a-4a12-9ee3-8014cb3bf7ab
2025-12-30 13:42:11,095 [INFO]    已转发给 1 个收件人: user1@hyinfo.cc
2025-12-30 13:42:11,095 [INFO] 📧 邮件已转发，同时发送告警通知: 2acced62-db7a-4a12-9ee3-8014cb3bf7ab
2025-12-30 13:42:11,129 [INFO] ✅ 告警通知已发送到: haoyu@hyinfo.cc
2025-12-30 13:42:11,151 [INFO] ✅ 告警状态已更新: is_alert=True
2025-12-30 13:42:11,151 [INFO] ✅ Celery任务完成: 2acced62-db7a-4a12-9ee3-8014cb3bf7ab, 结果: None
[2025-12-30 13:42:11,155: INFO/ForkPoolWorker-1] Task tasks.process_email_task[81a066ea-6c4e-4d4e-8d3b-b5c8a75cb791] succeeded in 17.95173391501885s: None
